Performing C++ SOURCE FILE Test COMPILER_SUPPORT_Wshorten64to32 failed with the following output:
Change Dir: /home/martth/Desktop/git_project/SuPyModes/build/CMakeFiles/CMakeTmp

Run Build Command(s):/usr/bin/make cmTC_3037a/fast && /usr/bin/make -f CMakeFiles/cmTC_3037a.dir/build.make CMakeFiles/cmTC_3037a.dir/build
make[1]: Entering directory '/home/martth/Desktop/git_project/SuPyModes/build/CMakeFiles/CMakeTmp'
Building CXX object CMakeFiles/cmTC_3037a.dir/src.cxx.o
/usr/bin/c++    -pedantic -Wall -Wextra -Wundef -Wcast-align -Wchar-subscripts -Wnon-virtual-dtor -Wunused-local-typedefs -Wpointer-arith -Wwrite-strings -Wformat-security -DCOMPILER_SUPPORT_Wshorten64to32 -Werror   -Wshorten-64-to-32 -std=gnu++17 -o CMakeFiles/cmTC_3037a.dir/src.cxx.o -c /home/martth/Desktop/git_project/SuPyModes/build/CMakeFiles/CMakeTmp/src.cxx
c++: error: unrecognized command line option '-Wshorten-64-to-32'
make[1]: *** [CMakeFiles/cmTC_3037a.dir/build.make:66: CMakeFiles/cmTC_3037a.dir/src.cxx.o] Error 1
make[1]: Leaving directory '/home/martth/Desktop/git_project/SuPyModes/build/CMakeFiles/CMakeTmp'
make: *** [Makefile:121: cmTC_3037a/fast] Error 2


Source file was:
int main() { return 0; }
Performing C++ SOURCE FILE Test COMPILER_SUPPORT_Wenumconversion failed with the following output:
Change Dir: /home/martth/Desktop/git_project/SuPyModes/build/CMakeFiles/CMakeTmp

Run Build Command(s):/usr/bin/make cmTC_ca2a1/fast && /usr/bin/make -f CMakeFiles/cmTC_ca2a1.dir/build.make CMakeFiles/cmTC_ca2a1.dir/build
make[1]: Entering directory '/home/martth/Desktop/git_project/SuPyModes/build/CMakeFiles/CMakeTmp'
Building CXX object CMakeFiles/cmTC_ca2a1.dir/src.cxx.o
/usr/bin/c++    -pedantic -Wall -Wextra -Wundef -Wcast-align -Wchar-subscripts -Wnon-virtual-dtor -Wunused-local-typedefs -Wpointer-arith -Wwrite-strings -Wformat-security -Wlogical-op -DCOMPILER_SUPPORT_Wenumconversion -Werror   -Wenum-conversion -std=gnu++17 -o CMakeFiles/cmTC_ca2a1.dir/src.cxx.o -c /home/martth/Desktop/git_project/SuPyModes/build/CMakeFiles/CMakeTmp/src.cxx
c++: error: unrecognized command line option '-Wenum-conversion'; did you mean '-Wno-conversion'?
make[1]: *** [CMakeFiles/cmTC_ca2a1.dir/build.make:66: CMakeFiles/cmTC_ca2a1.dir/src.cxx.o] Error 1
make[1]: Leaving directory '/home/martth/Desktop/git_project/SuPyModes/build/CMakeFiles/CMakeTmp'
make: *** [Makefile:121: cmTC_ca2a1/fast] Error 2


Source file was:
int main() { return 0; }
Performing C++ SOURCE FILE Test COMPILER_SUPPORT_Wcpp11extensions failed with the following output:
Change Dir: /home/martth/Desktop/git_project/SuPyModes/build/CMakeFiles/CMakeTmp

Run Build Command(s):/usr/bin/make cmTC_e2ca6/fast && /usr/bin/make -f CMakeFiles/cmTC_e2ca6.dir/build.make CMakeFiles/cmTC_e2ca6.dir/build
make[1]: Entering directory '/home/martth/Desktop/git_project/SuPyModes/build/CMakeFiles/CMakeTmp'
Building CXX object CMakeFiles/cmTC_e2ca6.dir/src.cxx.o
/usr/bin/c++    -pedantic -Wall -Wextra -Wundef -Wcast-align -Wchar-subscripts -Wnon-virtual-dtor -Wunused-local-typedefs -Wpointer-arith -Wwrite-strings -Wformat-security -Wlogical-op -DCOMPILER_SUPPORT_Wcpp11extensions -Werror   -Wc++11-extensions -std=gnu++17 -o CMakeFiles/cmTC_e2ca6.dir/src.cxx.o -c /home/martth/Desktop/git_project/SuPyModes/build/CMakeFiles/CMakeTmp/src.cxx
c++: error: unrecognized command line option '-Wc++11-extensions'; did you mean '-fms-extensions'?
make[1]: *** [CMakeFiles/cmTC_e2ca6.dir/build.make:66: CMakeFiles/cmTC_e2ca6.dir/src.cxx.o] Error 1
make[1]: Leaving directory '/home/martth/Desktop/git_project/SuPyModes/build/CMakeFiles/CMakeTmp'
make: *** [Makefile:121: cmTC_e2ca6/fast] Error 2


Source file was:
int main() { return 0; }
Performing C++ SOURCE FILE Test COMPILER_SUPPORT_wd981 failed with the following output:
Change Dir: /home/martth/Desktop/git_project/SuPyModes/build/CMakeFiles/CMakeTmp

Run Build Command(s):/usr/bin/make cmTC_0bf8b/fast && /usr/bin/make -f CMakeFiles/cmTC_0bf8b.dir/build.make CMakeFiles/cmTC_0bf8b.dir/build
make[1]: Entering directory '/home/martth/Desktop/git_project/SuPyModes/build/CMakeFiles/CMakeTmp'
Building CXX object CMakeFiles/cmTC_0bf8b.dir/src.cxx.o
/usr/bin/c++    -pedantic -Wall -Wextra -Wundef -Wcast-align -Wchar-subscripts -Wnon-virtual-dtor -Wunused-local-typedefs -Wpointer-arith -Wwrite-strings -Wformat-security -Wlogical-op -Wdouble-promotion -Wno-psabi -Wno-variadic-macros -Wno-long-long -fno-check-new -fno-common -fstrict-aliasing -DCOMPILER_SUPPORT_wd981 -Werror   -wd981 -std=gnu++17 -o CMakeFiles/cmTC_0bf8b.dir/src.cxx.o -c /home/martth/Desktop/git_project/SuPyModes/build/CMakeFiles/CMakeTmp/src.cxx
c++: error: unrecognized command line option '-wd981'
make[1]: *** [CMakeFiles/cmTC_0bf8b.dir/build.make:66: CMakeFiles/cmTC_0bf8b.dir/src.cxx.o] Error 1
make[1]: Leaving directory '/home/martth/Desktop/git_project/SuPyModes/build/CMakeFiles/CMakeTmp'
make: *** [Makefile:121: cmTC_0bf8b/fast] Error 2


Source file was:
int main() { return 0; }
Performing C++ SOURCE FILE Test COMPILER_SUPPORT_wd2304 failed with the following output:
Change Dir: /home/martth/Desktop/git_project/SuPyModes/build/CMakeFiles/CMakeTmp

Run Build Command(s):/usr/bin/make cmTC_e95e2/fast && /usr/bin/make -f CMakeFiles/cmTC_e95e2.dir/build.make CMakeFiles/cmTC_e95e2.dir/build
make[1]: Entering directory '/home/martth/Desktop/git_project/SuPyModes/build/CMakeFiles/CMakeTmp'
Building CXX object CMakeFiles/cmTC_e95e2.dir/src.cxx.o
/usr/bin/c++    -pedantic -Wall -Wextra -Wundef -Wcast-align -Wchar-subscripts -Wnon-virtual-dtor -Wunused-local-typedefs -Wpointer-arith -Wwrite-strings -Wformat-security -Wlogical-op -Wdouble-promotion -Wno-psabi -Wno-variadic-macros -Wno-long-long -fno-check-new -fno-common -fstrict-aliasing -DCOMPILER_SUPPORT_wd2304 -Werror   -wd2304 -std=gnu++17 -o CMakeFiles/cmTC_e95e2.dir/src.cxx.o -c /home/martth/Desktop/git_project/SuPyModes/build/CMakeFiles/CMakeTmp/src.cxx
c++: error: unrecognized command line option '-wd2304'
make[1]: *** [CMakeFiles/cmTC_e95e2.dir/build.make:66: CMakeFiles/cmTC_e95e2.dir/src.cxx.o] Error 1
make[1]: Leaving directory '/home/martth/Desktop/git_project/SuPyModes/build/CMakeFiles/CMakeTmp'
make: *** [Makefile:121: cmTC_e95e2/fast] Error 2


Source file was:
int main() { return 0; }
Performing C++ SOURCE FILE Test COMPILER_SUPPORT_STRICTANSI failed with the following output:
Change Dir: /home/martth/Desktop/git_project/SuPyModes/build/CMakeFiles/CMakeTmp

Run Build Command(s):/usr/bin/make cmTC_0febe/fast && /usr/bin/make -f CMakeFiles/cmTC_0febe.dir/build.make CMakeFiles/cmTC_0febe.dir/build
make[1]: Entering directory '/home/martth/Desktop/git_project/SuPyModes/build/CMakeFiles/CMakeTmp'
Building CXX object CMakeFiles/cmTC_0febe.dir/src.cxx.o
/usr/bin/c++    -pedantic -Wall -Wextra -Wundef -Wcast-align -Wchar-subscripts -Wnon-virtual-dtor -Wunused-local-typedefs -Wpointer-arith -Wwrite-strings -Wformat-security -Wlogical-op -Wdouble-promotion -Wno-psabi -Wno-variadic-macros -Wno-long-long -fno-check-new -fno-common -fstrict-aliasing -DCOMPILER_SUPPORT_STRICTANSI -Werror   -strict-ansi -std=gnu++17 -o CMakeFiles/cmTC_0febe.dir/src.cxx.o -c /home/martth/Desktop/git_project/SuPyModes/build/CMakeFiles/CMakeTmp/src.cxx
c++: error: unrecognized command line option '-strict-ansi'; did you mean '-fstrict-enums'?
make[1]: *** [CMakeFiles/cmTC_0febe.dir/build.make:66: CMakeFiles/cmTC_0febe.dir/src.cxx.o] Error 1
make[1]: Leaving directory '/home/martth/Desktop/git_project/SuPyModes/build/CMakeFiles/CMakeTmp'
make: *** [Makefile:121: cmTC_0febe/fast] Error 2


Source file was:
int main() { return 0; }
Performing C++ SOURCE FILE Test COMPILER_SUPPORT_Qunusedarguments failed with the following output:
Change Dir: /home/martth/Desktop/git_project/SuPyModes/build/CMakeFiles/CMakeTmp

Run Build Command(s):/usr/bin/make cmTC_2fef6/fast && /usr/bin/make -f CMakeFiles/cmTC_2fef6.dir/build.make CMakeFiles/cmTC_2fef6.dir/build
make[1]: Entering directory '/home/martth/Desktop/git_project/SuPyModes/build/CMakeFiles/CMakeTmp'
Building CXX object CMakeFiles/cmTC_2fef6.dir/src.cxx.o
/usr/bin/c++    -pedantic -Wall -Wextra -Wundef -Wcast-align -Wchar-subscripts -Wnon-virtual-dtor -Wunused-local-typedefs -Wpointer-arith -Wwrite-strings -Wformat-security -Wlogical-op -Wdouble-promotion -Wno-psabi -Wno-variadic-macros -Wno-long-long -fno-check-new -fno-common -fstrict-aliasing -DCOMPILER_SUPPORT_Qunusedarguments -Werror   -Qunused-arguments -std=gnu++17 -o CMakeFiles/cmTC_2fef6.dir/src.cxx.o -c /home/martth/Desktop/git_project/SuPyModes/build/CMakeFiles/CMakeTmp/src.cxx
c++: error: unrecognized command line option '-Qunused-arguments'
make[1]: *** [CMakeFiles/cmTC_2fef6.dir/build.make:66: CMakeFiles/cmTC_2fef6.dir/src.cxx.o] Error 1
make[1]: Leaving directory '/home/martth/Desktop/git_project/SuPyModes/build/CMakeFiles/CMakeTmp'
make: *** [Makefile:121: cmTC_2fef6/fast] Error 2


Source file was:
int main() { return 0; }
Performing C SOURCE FILE Test CMAKE_HAVE_LIBC_PTHREAD failed with the following output:
Change Dir: /home/martth/Desktop/git_project/SuPyModes/build/CMakeFiles/CMakeTmp

Run Build Command(s):/usr/bin/make cmTC_a85ae/fast && /usr/bin/make -f CMakeFiles/cmTC_a85ae.dir/build.make CMakeFiles/cmTC_a85ae.dir/build
make[1]: Entering directory '/home/martth/Desktop/git_project/SuPyModes/build/CMakeFiles/CMakeTmp'
Building C object CMakeFiles/cmTC_a85ae.dir/src.c.o
/usr/bin/cc   -DCMAKE_HAVE_LIBC_PTHREAD   -o CMakeFiles/cmTC_a85ae.dir/src.c.o   -c /home/martth/Desktop/git_project/SuPyModes/build/CMakeFiles/CMakeTmp/src.c
Linking C executable cmTC_a85ae
/usr/bin/cmake -E cmake_link_script CMakeFiles/cmTC_a85ae.dir/link.txt --verbose=1
/usr/bin/cc  -DCMAKE_HAVE_LIBC_PTHREAD    -rdynamic CMakeFiles/cmTC_a85ae.dir/src.c.o  -o cmTC_a85ae 
/usr/bin/ld: CMakeFiles/cmTC_a85ae.dir/src.c.o: in function `main':
src.c:(.text+0x46): undefined reference to `pthread_create'
/usr/bin/ld: src.c:(.text+0x52): undefined reference to `pthread_detach'
/usr/bin/ld: src.c:(.text+0x63): undefined reference to `pthread_join'
collect2: error: ld returned 1 exit status
make[1]: *** [CMakeFiles/cmTC_a85ae.dir/build.make:87: cmTC_a85ae] Error 1
make[1]: Leaving directory '/home/martth/Desktop/git_project/SuPyModes/build/CMakeFiles/CMakeTmp'
make: *** [Makefile:121: cmTC_a85ae/fast] Error 2


Source file was:
#include <pthread.h>

void* test_func(void* data)
{
  return data;
}

int main(void)
{
  pthread_t thread;
  pthread_create(&thread, NULL, test_func, NULL);
  pthread_detach(thread);
  pthread_join(thread, NULL);
  pthread_atfork(NULL, NULL, NULL);
  pthread_exit(NULL);

  return 0;
}

Determining if the function pthread_create exists in the pthreads failed with the following output:
Change Dir: /home/martth/Desktop/git_project/SuPyModes/build/CMakeFiles/CMakeTmp

Run Build Command(s):/usr/bin/make cmTC_2c877/fast && /usr/bin/make -f CMakeFiles/cmTC_2c877.dir/build.make CMakeFiles/cmTC_2c877.dir/build
make[1]: Entering directory '/home/martth/Desktop/git_project/SuPyModes/build/CMakeFiles/CMakeTmp'
Building C object CMakeFiles/cmTC_2c877.dir/CheckFunctionExists.c.o
/usr/bin/cc   -DCHECK_FUNCTION_EXISTS=pthread_create   -o CMakeFiles/cmTC_2c877.dir/CheckFunctionExists.c.o   -c /usr/share/cmake-3.16/Modules/CheckFunctionExists.c
Linking C executable cmTC_2c877
/usr/bin/cmake -E cmake_link_script CMakeFiles/cmTC_2c877.dir/link.txt --verbose=1
/usr/bin/cc  -DCHECK_FUNCTION_EXISTS=pthread_create    -rdynamic CMakeFiles/cmTC_2c877.dir/CheckFunctionExists.c.o  -o cmTC_2c877  -lpthreads 
/usr/bin/ld: cannot find -lpthreads
collect2: error: ld returned 1 exit status
make[1]: *** [CMakeFiles/cmTC_2c877.dir/build.make:87: cmTC_2c877] Error 1
make[1]: Leaving directory '/home/martth/Desktop/git_project/SuPyModes/build/CMakeFiles/CMakeTmp'
make: *** [Makefile:121: cmTC_2c877/fast] Error 2



