Performing C++ SOURCE FILE Test COMPILER_SUPPORT_Wshorten64to32 failed with the following output:
Change Dir: /home/martth/Desktop/git_project/SuPyModes/temp/CMakeFiles/CMakeTmp

Run Build Command(s):/usr/bin/make cmTC_403a5/fast && /usr/bin/make -f CMakeFiles/cmTC_403a5.dir/build.make CMakeFiles/cmTC_403a5.dir/build
make[1]: Entering directory '/home/martth/Desktop/git_project/SuPyModes/temp/CMakeFiles/CMakeTmp'
Building CXX object CMakeFiles/cmTC_403a5.dir/src.cxx.o
/usr/bin/c++    -pedantic -Wall -Wextra -Wundef -Wcast-align -Wchar-subscripts -Wnon-virtual-dtor -Wunused-local-typedefs -Wpointer-arith -Wwrite-strings -Wformat-security -DCOMPILER_SUPPORT_Wshorten64to32 -Werror   -Wshorten-64-to-32 -std=gnu++17 -o CMakeFiles/cmTC_403a5.dir/src.cxx.o -c /home/martth/Desktop/git_project/SuPyModes/temp/CMakeFiles/CMakeTmp/src.cxx
c++: error: unrecognized command line option '-Wshorten-64-to-32'
make[1]: *** [CMakeFiles/cmTC_403a5.dir/build.make:66: CMakeFiles/cmTC_403a5.dir/src.cxx.o] Error 1
make[1]: Leaving directory '/home/martth/Desktop/git_project/SuPyModes/temp/CMakeFiles/CMakeTmp'
make: *** [Makefile:121: cmTC_403a5/fast] Error 2


Source file was:
int main() { return 0; }
Performing C++ SOURCE FILE Test COMPILER_SUPPORT_Wenumconversion failed with the following output:
Change Dir: /home/martth/Desktop/git_project/SuPyModes/temp/CMakeFiles/CMakeTmp

Run Build Command(s):/usr/bin/make cmTC_b8cef/fast && /usr/bin/make -f CMakeFiles/cmTC_b8cef.dir/build.make CMakeFiles/cmTC_b8cef.dir/build
make[1]: Entering directory '/home/martth/Desktop/git_project/SuPyModes/temp/CMakeFiles/CMakeTmp'
Building CXX object CMakeFiles/cmTC_b8cef.dir/src.cxx.o
/usr/bin/c++    -pedantic -Wall -Wextra -Wundef -Wcast-align -Wchar-subscripts -Wnon-virtual-dtor -Wunused-local-typedefs -Wpointer-arith -Wwrite-strings -Wformat-security -Wlogical-op -DCOMPILER_SUPPORT_Wenumconversion -Werror   -Wenum-conversion -std=gnu++17 -o CMakeFiles/cmTC_b8cef.dir/src.cxx.o -c /home/martth/Desktop/git_project/SuPyModes/temp/CMakeFiles/CMakeTmp/src.cxx
c++: error: unrecognized command line option '-Wenum-conversion'; did you mean '-Wno-conversion'?
make[1]: *** [CMakeFiles/cmTC_b8cef.dir/build.make:66: CMakeFiles/cmTC_b8cef.dir/src.cxx.o] Error 1
make[1]: Leaving directory '/home/martth/Desktop/git_project/SuPyModes/temp/CMakeFiles/CMakeTmp'
make: *** [Makefile:121: cmTC_b8cef/fast] Error 2


Source file was:
int main() { return 0; }
Performing C++ SOURCE FILE Test COMPILER_SUPPORT_Wcpp11extensions failed with the following output:
Change Dir: /home/martth/Desktop/git_project/SuPyModes/temp/CMakeFiles/CMakeTmp

Run Build Command(s):/usr/bin/make cmTC_e64fd/fast && /usr/bin/make -f CMakeFiles/cmTC_e64fd.dir/build.make CMakeFiles/cmTC_e64fd.dir/build
make[1]: Entering directory '/home/martth/Desktop/git_project/SuPyModes/temp/CMakeFiles/CMakeTmp'
Building CXX object CMakeFiles/cmTC_e64fd.dir/src.cxx.o
/usr/bin/c++    -pedantic -Wall -Wextra -Wundef -Wcast-align -Wchar-subscripts -Wnon-virtual-dtor -Wunused-local-typedefs -Wpointer-arith -Wwrite-strings -Wformat-security -Wlogical-op -DCOMPILER_SUPPORT_Wcpp11extensions -Werror   -Wc++11-extensions -std=gnu++17 -o CMakeFiles/cmTC_e64fd.dir/src.cxx.o -c /home/martth/Desktop/git_project/SuPyModes/temp/CMakeFiles/CMakeTmp/src.cxx
c++: error: unrecognized command line option '-Wc++11-extensions'; did you mean '-fms-extensions'?
make[1]: *** [CMakeFiles/cmTC_e64fd.dir/build.make:66: CMakeFiles/cmTC_e64fd.dir/src.cxx.o] Error 1
make[1]: Leaving directory '/home/martth/Desktop/git_project/SuPyModes/temp/CMakeFiles/CMakeTmp'
make: *** [Makefile:121: cmTC_e64fd/fast] Error 2


Source file was:
int main() { return 0; }
Performing C++ SOURCE FILE Test COMPILER_SUPPORT_wd981 failed with the following output:
Change Dir: /home/martth/Desktop/git_project/SuPyModes/temp/CMakeFiles/CMakeTmp

Run Build Command(s):/usr/bin/make cmTC_a5809/fast && /usr/bin/make -f CMakeFiles/cmTC_a5809.dir/build.make CMakeFiles/cmTC_a5809.dir/build
make[1]: Entering directory '/home/martth/Desktop/git_project/SuPyModes/temp/CMakeFiles/CMakeTmp'
Building CXX object CMakeFiles/cmTC_a5809.dir/src.cxx.o
/usr/bin/c++    -pedantic -Wall -Wextra -Wundef -Wcast-align -Wchar-subscripts -Wnon-virtual-dtor -Wunused-local-typedefs -Wpointer-arith -Wwrite-strings -Wformat-security -Wlogical-op -Wdouble-promotion -Wno-psabi -Wno-variadic-macros -Wno-long-long -fno-check-new -fno-common -fstrict-aliasing -DCOMPILER_SUPPORT_wd981 -Werror   -wd981 -std=gnu++17 -o CMakeFiles/cmTC_a5809.dir/src.cxx.o -c /home/martth/Desktop/git_project/SuPyModes/temp/CMakeFiles/CMakeTmp/src.cxx
c++: error: unrecognized command line option '-wd981'
make[1]: *** [CMakeFiles/cmTC_a5809.dir/build.make:66: CMakeFiles/cmTC_a5809.dir/src.cxx.o] Error 1
make[1]: Leaving directory '/home/martth/Desktop/git_project/SuPyModes/temp/CMakeFiles/CMakeTmp'
make: *** [Makefile:121: cmTC_a5809/fast] Error 2


Source file was:
int main() { return 0; }
Performing C++ SOURCE FILE Test COMPILER_SUPPORT_wd2304 failed with the following output:
Change Dir: /home/martth/Desktop/git_project/SuPyModes/temp/CMakeFiles/CMakeTmp

Run Build Command(s):/usr/bin/make cmTC_c80fd/fast && /usr/bin/make -f CMakeFiles/cmTC_c80fd.dir/build.make CMakeFiles/cmTC_c80fd.dir/build
make[1]: Entering directory '/home/martth/Desktop/git_project/SuPyModes/temp/CMakeFiles/CMakeTmp'
Building CXX object CMakeFiles/cmTC_c80fd.dir/src.cxx.o
/usr/bin/c++    -pedantic -Wall -Wextra -Wundef -Wcast-align -Wchar-subscripts -Wnon-virtual-dtor -Wunused-local-typedefs -Wpointer-arith -Wwrite-strings -Wformat-security -Wlogical-op -Wdouble-promotion -Wno-psabi -Wno-variadic-macros -Wno-long-long -fno-check-new -fno-common -fstrict-aliasing -DCOMPILER_SUPPORT_wd2304 -Werror   -wd2304 -std=gnu++17 -o CMakeFiles/cmTC_c80fd.dir/src.cxx.o -c /home/martth/Desktop/git_project/SuPyModes/temp/CMakeFiles/CMakeTmp/src.cxx
c++: error: unrecognized command line option '-wd2304'
make[1]: *** [CMakeFiles/cmTC_c80fd.dir/build.make:66: CMakeFiles/cmTC_c80fd.dir/src.cxx.o] Error 1
make[1]: Leaving directory '/home/martth/Desktop/git_project/SuPyModes/temp/CMakeFiles/CMakeTmp'
make: *** [Makefile:121: cmTC_c80fd/fast] Error 2


Source file was:
int main() { return 0; }
Performing C++ SOURCE FILE Test COMPILER_SUPPORT_STRICTANSI failed with the following output:
Change Dir: /home/martth/Desktop/git_project/SuPyModes/temp/CMakeFiles/CMakeTmp

Run Build Command(s):/usr/bin/make cmTC_4f737/fast && /usr/bin/make -f CMakeFiles/cmTC_4f737.dir/build.make CMakeFiles/cmTC_4f737.dir/build
make[1]: Entering directory '/home/martth/Desktop/git_project/SuPyModes/temp/CMakeFiles/CMakeTmp'
Building CXX object CMakeFiles/cmTC_4f737.dir/src.cxx.o
/usr/bin/c++    -pedantic -Wall -Wextra -Wundef -Wcast-align -Wchar-subscripts -Wnon-virtual-dtor -Wunused-local-typedefs -Wpointer-arith -Wwrite-strings -Wformat-security -Wlogical-op -Wdouble-promotion -Wno-psabi -Wno-variadic-macros -Wno-long-long -fno-check-new -fno-common -fstrict-aliasing -DCOMPILER_SUPPORT_STRICTANSI -Werror   -strict-ansi -std=gnu++17 -o CMakeFiles/cmTC_4f737.dir/src.cxx.o -c /home/martth/Desktop/git_project/SuPyModes/temp/CMakeFiles/CMakeTmp/src.cxx
c++: error: unrecognized command line option '-strict-ansi'; did you mean '-fstrict-enums'?
make[1]: *** [CMakeFiles/cmTC_4f737.dir/build.make:66: CMakeFiles/cmTC_4f737.dir/src.cxx.o] Error 1
make[1]: Leaving directory '/home/martth/Desktop/git_project/SuPyModes/temp/CMakeFiles/CMakeTmp'
make: *** [Makefile:121: cmTC_4f737/fast] Error 2


Source file was:
int main() { return 0; }
Performing C++ SOURCE FILE Test COMPILER_SUPPORT_Qunusedarguments failed with the following output:
Change Dir: /home/martth/Desktop/git_project/SuPyModes/temp/CMakeFiles/CMakeTmp

Run Build Command(s):/usr/bin/make cmTC_aa876/fast && /usr/bin/make -f CMakeFiles/cmTC_aa876.dir/build.make CMakeFiles/cmTC_aa876.dir/build
make[1]: Entering directory '/home/martth/Desktop/git_project/SuPyModes/temp/CMakeFiles/CMakeTmp'
Building CXX object CMakeFiles/cmTC_aa876.dir/src.cxx.o
/usr/bin/c++    -pedantic -Wall -Wextra -Wundef -Wcast-align -Wchar-subscripts -Wnon-virtual-dtor -Wunused-local-typedefs -Wpointer-arith -Wwrite-strings -Wformat-security -Wlogical-op -Wdouble-promotion -Wno-psabi -Wno-variadic-macros -Wno-long-long -fno-check-new -fno-common -fstrict-aliasing -DCOMPILER_SUPPORT_Qunusedarguments -Werror   -Qunused-arguments -std=gnu++17 -o CMakeFiles/cmTC_aa876.dir/src.cxx.o -c /home/martth/Desktop/git_project/SuPyModes/temp/CMakeFiles/CMakeTmp/src.cxx
c++: error: unrecognized command line option '-Qunused-arguments'
make[1]: *** [CMakeFiles/cmTC_aa876.dir/build.make:66: CMakeFiles/cmTC_aa876.dir/src.cxx.o] Error 1
make[1]: Leaving directory '/home/martth/Desktop/git_project/SuPyModes/temp/CMakeFiles/CMakeTmp'
make: *** [Makefile:121: cmTC_aa876/fast] Error 2


Source file was:
int main() { return 0; }
Performing C SOURCE FILE Test CMAKE_HAVE_LIBC_PTHREAD failed with the following output:
Change Dir: /home/martth/Desktop/git_project/SuPyModes/temp/CMakeFiles/CMakeTmp

Run Build Command(s):/usr/bin/make cmTC_ae22d/fast && /usr/bin/make -f CMakeFiles/cmTC_ae22d.dir/build.make CMakeFiles/cmTC_ae22d.dir/build
make[1]: Entering directory '/home/martth/Desktop/git_project/SuPyModes/temp/CMakeFiles/CMakeTmp'
Building C object CMakeFiles/cmTC_ae22d.dir/src.c.o
/usr/bin/cc   -DCMAKE_HAVE_LIBC_PTHREAD   -o CMakeFiles/cmTC_ae22d.dir/src.c.o   -c /home/martth/Desktop/git_project/SuPyModes/temp/CMakeFiles/CMakeTmp/src.c
Linking C executable cmTC_ae22d
/usr/bin/cmake -E cmake_link_script CMakeFiles/cmTC_ae22d.dir/link.txt --verbose=1
/usr/bin/cc  -DCMAKE_HAVE_LIBC_PTHREAD    -rdynamic CMakeFiles/cmTC_ae22d.dir/src.c.o  -o cmTC_ae22d 
/usr/bin/ld: CMakeFiles/cmTC_ae22d.dir/src.c.o: in function `main':
src.c:(.text+0x46): undefined reference to `pthread_create'
/usr/bin/ld: src.c:(.text+0x52): undefined reference to `pthread_detach'
/usr/bin/ld: src.c:(.text+0x63): undefined reference to `pthread_join'
collect2: error: ld returned 1 exit status
make[1]: *** [CMakeFiles/cmTC_ae22d.dir/build.make:87: cmTC_ae22d] Error 1
make[1]: Leaving directory '/home/martth/Desktop/git_project/SuPyModes/temp/CMakeFiles/CMakeTmp'
make: *** [Makefile:121: cmTC_ae22d/fast] Error 2


Source file was:
#include <pthread.h>

void* test_func(void* data)
{
  return data;
}

int main(void)
{
  pthread_t thread;
  pthread_create(&thread, NULL, test_func, NULL);
  pthread_detach(thread);
  pthread_join(thread, NULL);
  pthread_atfork(NULL, NULL, NULL);
  pthread_exit(NULL);

  return 0;
}

Determining if the function pthread_create exists in the pthreads failed with the following output:
Change Dir: /home/martth/Desktop/git_project/SuPyModes/temp/CMakeFiles/CMakeTmp

Run Build Command(s):/usr/bin/make cmTC_bb1bc/fast && /usr/bin/make -f CMakeFiles/cmTC_bb1bc.dir/build.make CMakeFiles/cmTC_bb1bc.dir/build
make[1]: Entering directory '/home/martth/Desktop/git_project/SuPyModes/temp/CMakeFiles/CMakeTmp'
Building C object CMakeFiles/cmTC_bb1bc.dir/CheckFunctionExists.c.o
/usr/bin/cc   -DCHECK_FUNCTION_EXISTS=pthread_create   -o CMakeFiles/cmTC_bb1bc.dir/CheckFunctionExists.c.o   -c /usr/share/cmake-3.16/Modules/CheckFunctionExists.c
Linking C executable cmTC_bb1bc
/usr/bin/cmake -E cmake_link_script CMakeFiles/cmTC_bb1bc.dir/link.txt --verbose=1
/usr/bin/cc  -DCHECK_FUNCTION_EXISTS=pthread_create    -rdynamic CMakeFiles/cmTC_bb1bc.dir/CheckFunctionExists.c.o  -o cmTC_bb1bc  -lpthreads 
/usr/bin/ld: cannot find -lpthreads
collect2: error: ld returned 1 exit status
make[1]: *** [CMakeFiles/cmTC_bb1bc.dir/build.make:87: cmTC_bb1bc] Error 1
make[1]: Leaving directory '/home/martth/Desktop/git_project/SuPyModes/temp/CMakeFiles/CMakeTmp'
make: *** [Makefile:121: cmTC_bb1bc/fast] Error 2



